[debug] [2023-07-14T06:59:28.856Z] ----------------------------------------------------------------------
[debug] [2023-07-14T06:59:28.861Z] Command:       C:\Program Files\nodejs\node.exe C:\Users\Nasih\AppData\Roaming\npm\node_modules\firebase-tools\lib\bin\firebase.js deploy
[debug] [2023-07-14T06:59:28.862Z] CLI Version:   12.4.3
[debug] [2023-07-14T06:59:28.863Z] Platform:      win32
[debug] [2023-07-14T06:59:28.864Z] Node Version:  v18.12.1
[debug] [2023-07-14T06:59:28.865Z] Time:          Fri Jul 14 2023 12:29:28 GMT+0530 (India Standard Time)
[debug] [2023-07-14T06:59:28.866Z] ----------------------------------------------------------------------
[debug] 
[debug] [2023-07-14T06:59:29.002Z] > command requires scopes: ["email","openid","https://www.googleapis.com/auth/cloudplatformprojects.readonly","https://www.googleapis.com/auth/firebase","https://www.googleapis.com/auth/cloud-platform"]
[debug] [2023-07-14T06:59:29.003Z] > authorizing via signed-in user (iamnasih.dev@gmail.com)
[debug] [2023-07-14T06:59:29.003Z] [iam] checking project climatepro-05 for permissions ["firebase.projects.get","firebasehosting.sites.update"]
[debug] [2023-07-14T06:59:29.007Z] >>> [apiv2][query] POST https://cloudresourcemanager.googleapis.com/v1/projects/climatepro-05:testIamPermissions [none]
[debug] [2023-07-14T06:59:29.008Z] >>> [apiv2][(partial)header] POST https://cloudresourcemanager.googleapis.com/v1/projects/climatepro-05:testIamPermissions x-goog-quota-user=projects/climatepro-05
[debug] [2023-07-14T06:59:29.008Z] >>> [apiv2][body] POST https://cloudresourcemanager.googleapis.com/v1/projects/climatepro-05:testIamPermissions {"permissions":["firebase.projects.get","firebasehosting.sites.update"]}
[debug] [2023-07-14T06:59:29.548Z] <<< [apiv2][status] POST https://cloudresourcemanager.googleapis.com/v1/projects/climatepro-05:testIamPermissions 200
[debug] [2023-07-14T06:59:29.549Z] <<< [apiv2][body] POST https://cloudresourcemanager.googleapis.com/v1/projects/climatepro-05:testIamPermissions {"permissions":["firebase.projects.get","firebasehosting.sites.update"]}
[debug] [2023-07-14T06:59:29.554Z] >>> [apiv2][query] GET https://firebase.googleapis.com/v1beta1/projects/climatepro-05 [none]
[debug] [2023-07-14T06:59:30.026Z] <<< [apiv2][status] GET https://firebase.googleapis.com/v1beta1/projects/climatepro-05 200
[debug] [2023-07-14T06:59:30.026Z] <<< [apiv2][body] GET https://firebase.googleapis.com/v1beta1/projects/climatepro-05 {"projectId":"climatepro-05","projectNumber":"744091724719","displayName":"climatepro","name":"projects/climatepro-05","resources":{"hostingSite":"climatepro-05"},"state":"ACTIVE","etag":"1_1ed45bd3-2488-46f9-8929-ba516260d3f9"}
[debug] [2023-07-14T06:59:36.571Z] >>> [apiv2][query] GET https://firebasehosting.googleapis.com/v1beta1/projects/climatepro-05/sites pageToken=&pageSize=10
[debug] [2023-07-14T06:59:37.539Z] <<< [apiv2][status] GET https://firebasehosting.googleapis.com/v1beta1/projects/climatepro-05/sites 200
[debug] [2023-07-14T06:59:37.539Z] <<< [apiv2][body] GET https://firebasehosting.googleapis.com/v1beta1/projects/climatepro-05/sites {"sites":[{"name":"projects/climatepro-05/sites/climatepro-05","defaultUrl":"https://climatepro-05.web.app","type":"DEFAULT_SITE"}]}
[debug] [2023-07-14T06:59:37.541Z] >>> [apiv2][query] GET https://firebasehosting.googleapis.com/v1beta1/projects/climatepro-05/sites 
[debug] [2023-07-14T06:59:38.424Z] <<< [apiv2][status] GET https://firebasehosting.googleapis.com/v1beta1/projects/climatepro-05/sites 200
[debug] [2023-07-14T06:59:38.424Z] <<< [apiv2][body] GET https://firebasehosting.googleapis.com/v1beta1/projects/climatepro-05/sites {"sites":[{"name":"projects/climatepro-05/sites/climatepro-05","defaultUrl":"https://climatepro-05.web.app","type":"DEFAULT_SITE"}]}
[debug] [2023-07-14T06:59:38.426Z] >>> [apiv2][query] GET https://firebase.googleapis.com/v1beta1/projects/climatepro-05/webApps/-/config [none]
[debug] [2023-07-14T06:59:39.343Z] <<< [apiv2][status] GET https://firebase.googleapis.com/v1beta1/projects/climatepro-05/webApps/-/config 200
[debug] [2023-07-14T06:59:39.343Z] <<< [apiv2][body] GET https://firebase.googleapis.com/v1beta1/projects/climatepro-05/webApps/-/config {"projectId":"climatepro-05","storageBucket":"climatepro-05.appspot.com","apiKey":"AIzaSyBHqc_OPlvDoLI6nxWmMwWcYm28tzxotPY","authDomain":"climatepro-05.firebaseapp.com","messagingSenderId":"744091724719"}
